c:\users\potatobox\documents\visual studio 2017\projects\win64lib\win64lib\debug\vc141.pdb
c:\users\potatobox\documents\visual studio 2017\projects\win64lib\win64lib\debug\vc141.idb
c:\users\potatobox\documents\visual studio 2017\projects\win64lib\win64lib\debug\eventsink.obj
c:\users\potatobox\documents\visual studio 2017\projects\win64lib\win64lib\debug\main.obj
c:\users\potatobox\documents\visual studio 2017\projects\win64lib\win64lib\debug\pid.obj
c:\users\potatobox\documents\visual studio 2017\projects\win64lib\win64lib\debug\tcpclient.obj
c:\users\potatobox\documents\visual studio 2017\projects\win64lib\win64lib\debug\wmiev.obj
c:\users\potatobox\documents\visual studio 2017\projects\win64lib\win64lib\debug\stdafx.obj
c:\users\potatobox\documents\visual studio 2017\projects\win64lib\win64lib\debug\win64lib.obj
c:\users\potatobox\documents\visual studio 2017\projects\win64lib\win64lib\debug\dllmain.obj
c:\users\potatobox\documents\visual studio 2017\projects\win64lib\debug\win64lib.pdb
c:\users\potatobox\documents\visual studio 2017\projects\win64lib\win64lib\debug\win64lib.tlog\cl.command.1.tlog
c:\users\potatobox\documents\visual studio 2017\projects\win64lib\win64lib\debug\win64lib.tlog\cl.read.1.tlog
c:\users\potatobox\documents\visual studio 2017\projects\win64lib\win64lib\debug\win64lib.tlog\cl.write.1.tlog
c:\users\potatobox\documents\visual studio 2017\projects\win64lib\win64lib\debug\win64lib.tlog\link-cvtres.read.1.tlog
c:\users\potatobox\documents\visual studio 2017\projects\win64lib\win64lib\debug\win64lib.tlog\link-cvtres.write.1.tlog
c:\users\potatobox\documents\visual studio 2017\projects\win64lib\win64lib\debug\win64lib.tlog\link-rc.read.1.tlog
c:\users\potatobox\documents\visual studio 2017\projects\win64lib\win64lib\debug\win64lib.tlog\link-rc.write.1.tlog
c:\users\potatobox\documents\visual studio 2017\projects\win64lib\win64lib\debug\win64lib.tlog\link.command.1.tlog
c:\users\potatobox\documents\visual studio 2017\projects\win64lib\win64lib\debug\win64lib.tlog\link.read.1.tlog
c:\users\potatobox\documents\visual studio 2017\projects\win64lib\win64lib\debug\win64lib.tlog\link.write.1.tlog
